[2024-03-12T21:08:33.968+0000] {processor.py:161} INFO - Started process (PID=1195) to work on /opt/airflow/dags/00-our_first_new_dag.py
[2024-03-12T21:08:33.969+0000] {processor.py:830} INFO - Processing file /opt/airflow/dags/00-our_first_new_dag.py for tasks to queue
[2024-03-12T21:08:33.970+0000] {logging_mixin.py:188} INFO - [2024-03-12T21:08:33.969+0000] {dagbag.py:540} INFO - Filling up the DagBag from /opt/airflow/dags/00-our_first_new_dag.py
[2024-03-12T21:08:33.972+0000] {processor.py:840} INFO - DAG(s) '00_our_first_new_dag' retrieved from /opt/airflow/dags/00-our_first_new_dag.py
[2024-03-12T21:08:34.052+0000] {logging_mixin.py:188} INFO - [2024-03-12T21:08:34.052+0000] {dag.py:3047} INFO - Sync 1 DAGs
[2024-03-12T21:08:34.060+0000] {logging_mixin.py:188} INFO - [2024-03-12T21:08:34.060+0000] {dag.py:3834} INFO - Setting next_dagrun for 00_our_first_new_dag to None, run_after=None
[2024-03-12T21:08:34.075+0000] {processor.py:183} INFO - Processing /opt/airflow/dags/00-our_first_new_dag.py took 0.110 seconds
[2024-03-12T21:09:04.202+0000] {processor.py:161} INFO - Started process (PID=1254) to work on /opt/airflow/dags/00-our_first_new_dag.py
[2024-03-12T21:09:04.204+0000] {processor.py:830} INFO - Processing file /opt/airflow/dags/00-our_first_new_dag.py for tasks to queue
[2024-03-12T21:09:04.205+0000] {logging_mixin.py:188} INFO - [2024-03-12T21:09:04.204+0000] {dagbag.py:540} INFO - Filling up the DagBag from /opt/airflow/dags/00-our_first_new_dag.py
[2024-03-12T21:09:04.208+0000] {processor.py:840} INFO - DAG(s) '00_our_first_new_dag' retrieved from /opt/airflow/dags/00-our_first_new_dag.py
[2024-03-12T21:09:04.230+0000] {logging_mixin.py:188} INFO - [2024-03-12T21:09:04.230+0000] {dag.py:3047} INFO - Sync 1 DAGs
[2024-03-12T21:09:04.244+0000] {logging_mixin.py:188} INFO - [2024-03-12T21:09:04.244+0000] {dag.py:3834} INFO - Setting next_dagrun for 00_our_first_new_dag to None, run_after=None
[2024-03-12T21:09:04.261+0000] {processor.py:183} INFO - Processing /opt/airflow/dags/00-our_first_new_dag.py took 0.063 seconds
[2024-03-12T21:09:34.478+0000] {processor.py:161} INFO - Started process (PID=1314) to work on /opt/airflow/dags/00-our_first_new_dag.py
[2024-03-12T21:09:34.479+0000] {processor.py:830} INFO - Processing file /opt/airflow/dags/00-our_first_new_dag.py for tasks to queue
[2024-03-12T21:09:34.479+0000] {logging_mixin.py:188} INFO - [2024-03-12T21:09:34.479+0000] {dagbag.py:540} INFO - Filling up the DagBag from /opt/airflow/dags/00-our_first_new_dag.py
[2024-03-12T21:09:34.482+0000] {processor.py:840} INFO - DAG(s) '00_our_first_new_dag' retrieved from /opt/airflow/dags/00-our_first_new_dag.py
[2024-03-12T21:09:34.499+0000] {logging_mixin.py:188} INFO - [2024-03-12T21:09:34.499+0000] {dag.py:3047} INFO - Sync 1 DAGs
[2024-03-12T21:09:34.508+0000] {logging_mixin.py:188} INFO - [2024-03-12T21:09:34.508+0000] {dag.py:3834} INFO - Setting next_dagrun for 00_our_first_new_dag to None, run_after=None
[2024-03-12T21:09:34.521+0000] {processor.py:183} INFO - Processing /opt/airflow/dags/00-our_first_new_dag.py took 0.046 seconds
[2024-03-12T21:10:04.589+0000] {processor.py:161} INFO - Started process (PID=1372) to work on /opt/airflow/dags/00-our_first_new_dag.py
[2024-03-12T21:10:04.590+0000] {processor.py:830} INFO - Processing file /opt/airflow/dags/00-our_first_new_dag.py for tasks to queue
[2024-03-12T21:10:04.591+0000] {logging_mixin.py:188} INFO - [2024-03-12T21:10:04.591+0000] {dagbag.py:540} INFO - Filling up the DagBag from /opt/airflow/dags/00-our_first_new_dag.py
[2024-03-12T21:10:04.594+0000] {processor.py:840} INFO - DAG(s) '00_our_first_new_dag' retrieved from /opt/airflow/dags/00-our_first_new_dag.py
[2024-03-12T21:10:04.610+0000] {logging_mixin.py:188} INFO - [2024-03-12T21:10:04.610+0000] {dag.py:3047} INFO - Sync 1 DAGs
[2024-03-12T21:10:04.619+0000] {logging_mixin.py:188} INFO - [2024-03-12T21:10:04.619+0000] {dag.py:3834} INFO - Setting next_dagrun for 00_our_first_new_dag to None, run_after=None
[2024-03-12T21:10:04.633+0000] {processor.py:183} INFO - Processing /opt/airflow/dags/00-our_first_new_dag.py took 0.047 seconds
[2024-03-12T21:10:35.144+0000] {processor.py:161} INFO - Started process (PID=1430) to work on /opt/airflow/dags/00-our_first_new_dag.py
[2024-03-12T21:10:35.145+0000] {processor.py:830} INFO - Processing file /opt/airflow/dags/00-our_first_new_dag.py for tasks to queue
[2024-03-12T21:10:35.145+0000] {logging_mixin.py:188} INFO - [2024-03-12T21:10:35.145+0000] {dagbag.py:540} INFO - Filling up the DagBag from /opt/airflow/dags/00-our_first_new_dag.py
[2024-03-12T21:10:35.148+0000] {processor.py:840} INFO - DAG(s) '00_our_first_new_dag' retrieved from /opt/airflow/dags/00-our_first_new_dag.py
[2024-03-12T21:10:35.164+0000] {logging_mixin.py:188} INFO - [2024-03-12T21:10:35.164+0000] {dag.py:3047} INFO - Sync 1 DAGs
[2024-03-12T21:10:35.174+0000] {logging_mixin.py:188} INFO - [2024-03-12T21:10:35.174+0000] {dag.py:3834} INFO - Setting next_dagrun for 00_our_first_new_dag to None, run_after=None
[2024-03-12T21:10:35.187+0000] {processor.py:183} INFO - Processing /opt/airflow/dags/00-our_first_new_dag.py took 0.046 seconds
[2024-03-12T21:11:05.779+0000] {processor.py:161} INFO - Started process (PID=1488) to work on /opt/airflow/dags/00-our_first_new_dag.py
[2024-03-12T21:11:05.781+0000] {processor.py:830} INFO - Processing file /opt/airflow/dags/00-our_first_new_dag.py for tasks to queue
[2024-03-12T21:11:05.782+0000] {logging_mixin.py:188} INFO - [2024-03-12T21:11:05.781+0000] {dagbag.py:540} INFO - Filling up the DagBag from /opt/airflow/dags/00-our_first_new_dag.py
[2024-03-12T21:11:05.784+0000] {processor.py:840} INFO - DAG(s) '00_our_first_new_dag' retrieved from /opt/airflow/dags/00-our_first_new_dag.py
[2024-03-12T21:11:05.800+0000] {logging_mixin.py:188} INFO - [2024-03-12T21:11:05.800+0000] {dag.py:3047} INFO - Sync 1 DAGs
[2024-03-12T21:11:05.810+0000] {logging_mixin.py:188} INFO - [2024-03-12T21:11:05.810+0000] {dag.py:3834} INFO - Setting next_dagrun for 00_our_first_new_dag to None, run_after=None
[2024-03-12T21:11:05.823+0000] {processor.py:183} INFO - Processing /opt/airflow/dags/00-our_first_new_dag.py took 0.046 seconds
[2024-03-12T21:11:36.376+0000] {processor.py:161} INFO - Started process (PID=1546) to work on /opt/airflow/dags/00-our_first_new_dag.py
[2024-03-12T21:11:36.377+0000] {processor.py:830} INFO - Processing file /opt/airflow/dags/00-our_first_new_dag.py for tasks to queue
[2024-03-12T21:11:36.377+0000] {logging_mixin.py:188} INFO - [2024-03-12T21:11:36.377+0000] {dagbag.py:540} INFO - Filling up the DagBag from /opt/airflow/dags/00-our_first_new_dag.py
[2024-03-12T21:11:36.379+0000] {processor.py:840} INFO - DAG(s) '00_our_first_new_dag' retrieved from /opt/airflow/dags/00-our_first_new_dag.py
[2024-03-12T21:11:36.396+0000] {logging_mixin.py:188} INFO - [2024-03-12T21:11:36.396+0000] {dag.py:3047} INFO - Sync 1 DAGs
[2024-03-12T21:11:36.405+0000] {logging_mixin.py:188} INFO - [2024-03-12T21:11:36.405+0000] {dag.py:3834} INFO - Setting next_dagrun for 00_our_first_new_dag to None, run_after=None
[2024-03-12T21:11:36.419+0000] {processor.py:183} INFO - Processing /opt/airflow/dags/00-our_first_new_dag.py took 0.046 seconds
[2024-03-12T21:12:06.435+0000] {processor.py:161} INFO - Started process (PID=1604) to work on /opt/airflow/dags/00-our_first_new_dag.py
[2024-03-12T21:12:06.437+0000] {processor.py:830} INFO - Processing file /opt/airflow/dags/00-our_first_new_dag.py for tasks to queue
[2024-03-12T21:12:06.437+0000] {logging_mixin.py:188} INFO - [2024-03-12T21:12:06.437+0000] {dagbag.py:540} INFO - Filling up the DagBag from /opt/airflow/dags/00-our_first_new_dag.py
[2024-03-12T21:12:06.440+0000] {processor.py:840} INFO - DAG(s) '00_our_first_new_dag' retrieved from /opt/airflow/dags/00-our_first_new_dag.py
[2024-03-12T21:12:06.457+0000] {logging_mixin.py:188} INFO - [2024-03-12T21:12:06.457+0000] {dag.py:3047} INFO - Sync 1 DAGs
[2024-03-12T21:12:06.466+0000] {logging_mixin.py:188} INFO - [2024-03-12T21:12:06.466+0000] {dag.py:3834} INFO - Setting next_dagrun for 00_our_first_new_dag to None, run_after=None
[2024-03-12T21:12:06.479+0000] {processor.py:183} INFO - Processing /opt/airflow/dags/00-our_first_new_dag.py took 0.046 seconds
[2024-03-12T21:12:36.868+0000] {processor.py:161} INFO - Started process (PID=1663) to work on /opt/airflow/dags/00-our_first_new_dag.py
[2024-03-12T21:12:36.869+0000] {processor.py:830} INFO - Processing file /opt/airflow/dags/00-our_first_new_dag.py for tasks to queue
[2024-03-12T21:12:36.870+0000] {logging_mixin.py:188} INFO - [2024-03-12T21:12:36.869+0000] {dagbag.py:540} INFO - Filling up the DagBag from /opt/airflow/dags/00-our_first_new_dag.py
[2024-03-12T21:12:36.873+0000] {processor.py:840} INFO - DAG(s) '00_our_first_new_dag' retrieved from /opt/airflow/dags/00-our_first_new_dag.py
[2024-03-12T21:12:36.894+0000] {logging_mixin.py:188} INFO - [2024-03-12T21:12:36.894+0000] {dag.py:3047} INFO - Sync 1 DAGs
[2024-03-12T21:12:36.908+0000] {logging_mixin.py:188} INFO - [2024-03-12T21:12:36.908+0000] {dag.py:3834} INFO - Setting next_dagrun for 00_our_first_new_dag to None, run_after=None
[2024-03-12T21:12:36.924+0000] {processor.py:183} INFO - Processing /opt/airflow/dags/00-our_first_new_dag.py took 0.060 seconds
[2024-03-12T21:13:07.608+0000] {processor.py:161} INFO - Started process (PID=1721) to work on /opt/airflow/dags/00-our_first_new_dag.py
[2024-03-12T21:13:07.610+0000] {processor.py:830} INFO - Processing file /opt/airflow/dags/00-our_first_new_dag.py for tasks to queue
[2024-03-12T21:13:07.611+0000] {logging_mixin.py:188} INFO - [2024-03-12T21:13:07.611+0000] {dagbag.py:540} INFO - Filling up the DagBag from /opt/airflow/dags/00-our_first_new_dag.py
[2024-03-12T21:13:07.615+0000] {processor.py:840} INFO - DAG(s) '00_our_first_new_dag' retrieved from /opt/airflow/dags/00-our_first_new_dag.py
[2024-03-12T21:13:07.636+0000] {logging_mixin.py:188} INFO - [2024-03-12T21:13:07.636+0000] {dag.py:3047} INFO - Sync 1 DAGs
[2024-03-12T21:13:07.655+0000] {logging_mixin.py:188} INFO - [2024-03-12T21:13:07.655+0000] {dag.py:3834} INFO - Setting next_dagrun for 00_our_first_new_dag to None, run_after=None
[2024-03-12T21:13:07.671+0000] {processor.py:183} INFO - Processing /opt/airflow/dags/00-our_first_new_dag.py took 0.066 seconds
[2024-03-12T21:13:38.469+0000] {processor.py:161} INFO - Started process (PID=1778) to work on /opt/airflow/dags/00-our_first_new_dag.py
[2024-03-12T21:13:38.471+0000] {processor.py:830} INFO - Processing file /opt/airflow/dags/00-our_first_new_dag.py for tasks to queue
[2024-03-12T21:13:38.472+0000] {logging_mixin.py:188} INFO - [2024-03-12T21:13:38.471+0000] {dagbag.py:540} INFO - Filling up the DagBag from /opt/airflow/dags/00-our_first_new_dag.py
[2024-03-12T21:13:38.475+0000] {processor.py:840} INFO - DAG(s) '00_our_first_new_dag' retrieved from /opt/airflow/dags/00-our_first_new_dag.py
[2024-03-12T21:13:38.497+0000] {logging_mixin.py:188} INFO - [2024-03-12T21:13:38.496+0000] {dag.py:3047} INFO - Sync 1 DAGs
[2024-03-12T21:13:38.510+0000] {logging_mixin.py:188} INFO - [2024-03-12T21:13:38.510+0000] {dag.py:3834} INFO - Setting next_dagrun for 00_our_first_new_dag to None, run_after=None
[2024-03-12T21:13:38.528+0000] {processor.py:183} INFO - Processing /opt/airflow/dags/00-our_first_new_dag.py took 0.063 seconds
[2024-03-12T21:14:09.162+0000] {processor.py:161} INFO - Started process (PID=1837) to work on /opt/airflow/dags/00-our_first_new_dag.py
[2024-03-12T21:14:09.164+0000] {processor.py:830} INFO - Processing file /opt/airflow/dags/00-our_first_new_dag.py for tasks to queue
[2024-03-12T21:14:09.165+0000] {logging_mixin.py:188} INFO - [2024-03-12T21:14:09.164+0000] {dagbag.py:540} INFO - Filling up the DagBag from /opt/airflow/dags/00-our_first_new_dag.py
[2024-03-12T21:14:09.168+0000] {processor.py:840} INFO - DAG(s) '00_our_first_new_dag' retrieved from /opt/airflow/dags/00-our_first_new_dag.py
[2024-03-12T21:14:09.191+0000] {logging_mixin.py:188} INFO - [2024-03-12T21:14:09.191+0000] {dag.py:3047} INFO - Sync 1 DAGs
[2024-03-12T21:14:09.204+0000] {logging_mixin.py:188} INFO - [2024-03-12T21:14:09.204+0000] {dag.py:3834} INFO - Setting next_dagrun for 00_our_first_new_dag to None, run_after=None
[2024-03-12T21:14:09.222+0000] {processor.py:183} INFO - Processing /opt/airflow/dags/00-our_first_new_dag.py took 0.063 seconds
[2024-03-12T21:14:39.445+0000] {processor.py:161} INFO - Started process (PID=1896) to work on /opt/airflow/dags/00-our_first_new_dag.py
[2024-03-12T21:14:39.445+0000] {processor.py:830} INFO - Processing file /opt/airflow/dags/00-our_first_new_dag.py for tasks to queue
[2024-03-12T21:14:39.446+0000] {logging_mixin.py:188} INFO - [2024-03-12T21:14:39.446+0000] {dagbag.py:540} INFO - Filling up the DagBag from /opt/airflow/dags/00-our_first_new_dag.py
[2024-03-12T21:14:39.449+0000] {processor.py:840} INFO - DAG(s) '00_our_first_new_dag' retrieved from /opt/airflow/dags/00-our_first_new_dag.py
[2024-03-12T21:14:39.466+0000] {logging_mixin.py:188} INFO - [2024-03-12T21:14:39.466+0000] {dag.py:3047} INFO - Sync 1 DAGs
[2024-03-12T21:14:39.478+0000] {logging_mixin.py:188} INFO - [2024-03-12T21:14:39.478+0000] {dag.py:3834} INFO - Setting next_dagrun for 00_our_first_new_dag to None, run_after=None
[2024-03-12T21:14:39.491+0000] {processor.py:183} INFO - Processing /opt/airflow/dags/00-our_first_new_dag.py took 0.049 seconds
[2024-03-12T21:15:09.851+0000] {processor.py:161} INFO - Started process (PID=1955) to work on /opt/airflow/dags/00-our_first_new_dag.py
[2024-03-12T21:15:09.852+0000] {processor.py:830} INFO - Processing file /opt/airflow/dags/00-our_first_new_dag.py for tasks to queue
[2024-03-12T21:15:09.853+0000] {logging_mixin.py:188} INFO - [2024-03-12T21:15:09.853+0000] {dagbag.py:540} INFO - Filling up the DagBag from /opt/airflow/dags/00-our_first_new_dag.py
[2024-03-12T21:15:09.856+0000] {processor.py:840} INFO - DAG(s) '00_our_first_new_dag' retrieved from /opt/airflow/dags/00-our_first_new_dag.py
[2024-03-12T21:15:09.876+0000] {logging_mixin.py:188} INFO - [2024-03-12T21:15:09.876+0000] {dag.py:3047} INFO - Sync 1 DAGs
[2024-03-12T21:15:09.886+0000] {logging_mixin.py:188} INFO - [2024-03-12T21:15:09.886+0000] {dag.py:3834} INFO - Setting next_dagrun for 00_our_first_new_dag to None, run_after=None
[2024-03-12T21:15:09.898+0000] {processor.py:183} INFO - Processing /opt/airflow/dags/00-our_first_new_dag.py took 0.050 seconds
[2024-03-12T21:15:40.271+0000] {processor.py:161} INFO - Started process (PID=2013) to work on /opt/airflow/dags/00-our_first_new_dag.py
[2024-03-12T21:15:40.271+0000] {processor.py:830} INFO - Processing file /opt/airflow/dags/00-our_first_new_dag.py for tasks to queue
[2024-03-12T21:15:40.272+0000] {logging_mixin.py:188} INFO - [2024-03-12T21:15:40.272+0000] {dagbag.py:540} INFO - Filling up the DagBag from /opt/airflow/dags/00-our_first_new_dag.py
[2024-03-12T21:15:40.274+0000] {processor.py:840} INFO - DAG(s) '00_our_first_new_dag' retrieved from /opt/airflow/dags/00-our_first_new_dag.py
[2024-03-12T21:15:40.290+0000] {logging_mixin.py:188} INFO - [2024-03-12T21:15:40.290+0000] {dag.py:3047} INFO - Sync 1 DAGs
[2024-03-12T21:15:40.300+0000] {logging_mixin.py:188} INFO - [2024-03-12T21:15:40.300+0000] {dag.py:3834} INFO - Setting next_dagrun for 00_our_first_new_dag to None, run_after=None
[2024-03-12T21:15:40.312+0000] {processor.py:183} INFO - Processing /opt/airflow/dags/00-our_first_new_dag.py took 0.045 seconds
[2024-03-12T21:16:10.626+0000] {processor.py:161} INFO - Started process (PID=2071) to work on /opt/airflow/dags/00-our_first_new_dag.py
[2024-03-12T21:16:10.627+0000] {processor.py:830} INFO - Processing file /opt/airflow/dags/00-our_first_new_dag.py for tasks to queue
[2024-03-12T21:16:10.628+0000] {logging_mixin.py:188} INFO - [2024-03-12T21:16:10.628+0000] {dagbag.py:540} INFO - Filling up the DagBag from /opt/airflow/dags/00-our_first_new_dag.py
[2024-03-12T21:16:10.630+0000] {processor.py:840} INFO - DAG(s) '00_our_first_new_dag' retrieved from /opt/airflow/dags/00-our_first_new_dag.py
[2024-03-12T21:16:10.646+0000] {logging_mixin.py:188} INFO - [2024-03-12T21:16:10.645+0000] {dag.py:3047} INFO - Sync 1 DAGs
[2024-03-12T21:16:10.655+0000] {logging_mixin.py:188} INFO - [2024-03-12T21:16:10.655+0000] {dag.py:3834} INFO - Setting next_dagrun for 00_our_first_new_dag to None, run_after=None
[2024-03-12T21:16:10.667+0000] {processor.py:183} INFO - Processing /opt/airflow/dags/00-our_first_new_dag.py took 0.044 seconds
[2024-03-12T21:16:40.974+0000] {processor.py:161} INFO - Started process (PID=2130) to work on /opt/airflow/dags/00-our_first_new_dag.py
[2024-03-12T21:16:40.975+0000] {processor.py:830} INFO - Processing file /opt/airflow/dags/00-our_first_new_dag.py for tasks to queue
[2024-03-12T21:16:40.976+0000] {logging_mixin.py:188} INFO - [2024-03-12T21:16:40.975+0000] {dagbag.py:540} INFO - Filling up the DagBag from /opt/airflow/dags/00-our_first_new_dag.py
[2024-03-12T21:16:40.978+0000] {processor.py:840} INFO - DAG(s) '00_our_first_new_dag' retrieved from /opt/airflow/dags/00-our_first_new_dag.py
[2024-03-12T21:16:40.994+0000] {logging_mixin.py:188} INFO - [2024-03-12T21:16:40.993+0000] {dag.py:3047} INFO - Sync 1 DAGs
[2024-03-12T21:16:41.004+0000] {logging_mixin.py:188} INFO - [2024-03-12T21:16:41.003+0000] {dag.py:3834} INFO - Setting next_dagrun for 00_our_first_new_dag to None, run_after=None
[2024-03-12T21:16:41.016+0000] {processor.py:183} INFO - Processing /opt/airflow/dags/00-our_first_new_dag.py took 0.047 seconds
[2024-03-12T21:17:11.164+0000] {processor.py:161} INFO - Started process (PID=2190) to work on /opt/airflow/dags/00-our_first_new_dag.py
[2024-03-12T21:17:11.166+0000] {processor.py:830} INFO - Processing file /opt/airflow/dags/00-our_first_new_dag.py for tasks to queue
[2024-03-12T21:17:11.166+0000] {logging_mixin.py:188} INFO - [2024-03-12T21:17:11.166+0000] {dagbag.py:540} INFO - Filling up the DagBag from /opt/airflow/dags/00-our_first_new_dag.py
[2024-03-12T21:17:11.169+0000] {processor.py:840} INFO - DAG(s) '00_our_first_new_dag' retrieved from /opt/airflow/dags/00-our_first_new_dag.py
[2024-03-12T21:17:11.185+0000] {logging_mixin.py:188} INFO - [2024-03-12T21:17:11.185+0000] {dag.py:3047} INFO - Sync 1 DAGs
[2024-03-12T21:17:11.195+0000] {logging_mixin.py:188} INFO - [2024-03-12T21:17:11.194+0000] {dag.py:3834} INFO - Setting next_dagrun for 00_our_first_new_dag to None, run_after=None
[2024-03-12T21:17:11.206+0000] {processor.py:183} INFO - Processing /opt/airflow/dags/00-our_first_new_dag.py took 0.045 seconds
[2024-03-12T21:17:41.376+0000] {processor.py:161} INFO - Started process (PID=2248) to work on /opt/airflow/dags/00-our_first_new_dag.py
[2024-03-12T21:17:41.377+0000] {processor.py:830} INFO - Processing file /opt/airflow/dags/00-our_first_new_dag.py for tasks to queue
[2024-03-12T21:17:41.378+0000] {logging_mixin.py:188} INFO - [2024-03-12T21:17:41.378+0000] {dagbag.py:540} INFO - Filling up the DagBag from /opt/airflow/dags/00-our_first_new_dag.py
[2024-03-12T21:17:41.387+0000] {processor.py:840} INFO - DAG(s) '00_our_first_new_dag' retrieved from /opt/airflow/dags/00-our_first_new_dag.py
[2024-03-12T21:17:41.407+0000] {logging_mixin.py:188} INFO - [2024-03-12T21:17:41.407+0000] {dag.py:3047} INFO - Sync 1 DAGs
[2024-03-12T21:17:41.420+0000] {logging_mixin.py:188} INFO - [2024-03-12T21:17:41.420+0000] {dag.py:3834} INFO - Setting next_dagrun for 00_our_first_new_dag to None, run_after=None
[2024-03-12T21:17:41.436+0000] {processor.py:183} INFO - Processing /opt/airflow/dags/00-our_first_new_dag.py took 0.064 seconds
[2024-03-12T21:18:12.151+0000] {processor.py:161} INFO - Started process (PID=2306) to work on /opt/airflow/dags/00-our_first_new_dag.py
[2024-03-12T21:18:12.159+0000] {processor.py:830} INFO - Processing file /opt/airflow/dags/00-our_first_new_dag.py for tasks to queue
[2024-03-12T21:18:12.160+0000] {logging_mixin.py:188} INFO - [2024-03-12T21:18:12.160+0000] {dagbag.py:540} INFO - Filling up the DagBag from /opt/airflow/dags/00-our_first_new_dag.py
[2024-03-12T21:18:12.167+0000] {processor.py:840} INFO - DAG(s) '00_our_first_new_dag' retrieved from /opt/airflow/dags/00-our_first_new_dag.py
[2024-03-12T21:18:12.189+0000] {logging_mixin.py:188} INFO - [2024-03-12T21:18:12.189+0000] {dag.py:3047} INFO - Sync 1 DAGs
[2024-03-12T21:18:12.202+0000] {logging_mixin.py:188} INFO - [2024-03-12T21:18:12.202+0000] {dag.py:3834} INFO - Setting next_dagrun for 00_our_first_new_dag to None, run_after=None
[2024-03-12T21:18:12.220+0000] {processor.py:183} INFO - Processing /opt/airflow/dags/00-our_first_new_dag.py took 0.077 seconds
[2024-03-12T21:18:42.675+0000] {processor.py:161} INFO - Started process (PID=2364) to work on /opt/airflow/dags/00-our_first_new_dag.py
[2024-03-12T21:18:42.677+0000] {processor.py:830} INFO - Processing file /opt/airflow/dags/00-our_first_new_dag.py for tasks to queue
[2024-03-12T21:18:42.678+0000] {logging_mixin.py:188} INFO - [2024-03-12T21:18:42.678+0000] {dagbag.py:540} INFO - Filling up the DagBag from /opt/airflow/dags/00-our_first_new_dag.py
[2024-03-12T21:18:42.681+0000] {processor.py:840} INFO - DAG(s) '00_our_first_new_dag' retrieved from /opt/airflow/dags/00-our_first_new_dag.py
[2024-03-12T21:18:42.704+0000] {logging_mixin.py:188} INFO - [2024-03-12T21:18:42.703+0000] {dag.py:3047} INFO - Sync 1 DAGs
[2024-03-12T21:18:42.718+0000] {logging_mixin.py:188} INFO - [2024-03-12T21:18:42.718+0000] {dag.py:3834} INFO - Setting next_dagrun for 00_our_first_new_dag to None, run_after=None
[2024-03-12T21:18:42.734+0000] {processor.py:183} INFO - Processing /opt/airflow/dags/00-our_first_new_dag.py took 0.063 seconds
[2024-03-12T21:19:12.943+0000] {processor.py:161} INFO - Started process (PID=2422) to work on /opt/airflow/dags/00-our_first_new_dag.py
[2024-03-12T21:19:12.944+0000] {processor.py:830} INFO - Processing file /opt/airflow/dags/00-our_first_new_dag.py for tasks to queue
[2024-03-12T21:19:12.945+0000] {logging_mixin.py:188} INFO - [2024-03-12T21:19:12.944+0000] {dagbag.py:540} INFO - Filling up the DagBag from /opt/airflow/dags/00-our_first_new_dag.py
[2024-03-12T21:19:12.947+0000] {processor.py:840} INFO - DAG(s) '00_our_first_new_dag' retrieved from /opt/airflow/dags/00-our_first_new_dag.py
[2024-03-12T21:19:12.964+0000] {logging_mixin.py:188} INFO - [2024-03-12T21:19:12.963+0000] {dag.py:3047} INFO - Sync 1 DAGs
[2024-03-12T21:19:12.973+0000] {logging_mixin.py:188} INFO - [2024-03-12T21:19:12.973+0000] {dag.py:3834} INFO - Setting next_dagrun for 00_our_first_new_dag to None, run_after=None
[2024-03-12T21:19:12.986+0000] {processor.py:183} INFO - Processing /opt/airflow/dags/00-our_first_new_dag.py took 0.046 seconds
[2024-03-12T21:19:43.704+0000] {processor.py:161} INFO - Started process (PID=2481) to work on /opt/airflow/dags/00-our_first_new_dag.py
[2024-03-12T21:19:43.705+0000] {processor.py:830} INFO - Processing file /opt/airflow/dags/00-our_first_new_dag.py for tasks to queue
[2024-03-12T21:19:43.706+0000] {logging_mixin.py:188} INFO - [2024-03-12T21:19:43.705+0000] {dagbag.py:540} INFO - Filling up the DagBag from /opt/airflow/dags/00-our_first_new_dag.py
[2024-03-12T21:19:43.708+0000] {processor.py:840} INFO - DAG(s) '00_our_first_new_dag' retrieved from /opt/airflow/dags/00-our_first_new_dag.py
[2024-03-12T21:19:43.726+0000] {logging_mixin.py:188} INFO - [2024-03-12T21:19:43.726+0000] {dag.py:3047} INFO - Sync 1 DAGs
[2024-03-12T21:19:43.735+0000] {logging_mixin.py:188} INFO - [2024-03-12T21:19:43.735+0000] {dag.py:3834} INFO - Setting next_dagrun for 00_our_first_new_dag to None, run_after=None
[2024-03-12T21:19:43.750+0000] {processor.py:183} INFO - Processing /opt/airflow/dags/00-our_first_new_dag.py took 0.049 seconds
[2024-03-12T21:20:14.513+0000] {processor.py:161} INFO - Started process (PID=2540) to work on /opt/airflow/dags/00-our_first_new_dag.py
[2024-03-12T21:20:14.517+0000] {processor.py:830} INFO - Processing file /opt/airflow/dags/00-our_first_new_dag.py for tasks to queue
[2024-03-12T21:20:14.518+0000] {logging_mixin.py:188} INFO - [2024-03-12T21:20:14.518+0000] {dagbag.py:540} INFO - Filling up the DagBag from /opt/airflow/dags/00-our_first_new_dag.py
[2024-03-12T21:20:14.521+0000] {processor.py:840} INFO - DAG(s) '00_our_first_new_dag' retrieved from /opt/airflow/dags/00-our_first_new_dag.py
[2024-03-12T21:20:14.560+0000] {logging_mixin.py:188} INFO - [2024-03-12T21:20:14.560+0000] {dag.py:3047} INFO - Sync 1 DAGs
[2024-03-12T21:20:14.578+0000] {logging_mixin.py:188} INFO - [2024-03-12T21:20:14.578+0000] {dag.py:3834} INFO - Setting next_dagrun for 00_our_first_new_dag to None, run_after=None
[2024-03-12T21:20:14.598+0000] {processor.py:183} INFO - Processing /opt/airflow/dags/00-our_first_new_dag.py took 0.089 seconds
[2024-03-12T21:20:45.101+0000] {processor.py:161} INFO - Started process (PID=2598) to work on /opt/airflow/dags/00-our_first_new_dag.py
[2024-03-12T21:20:45.101+0000] {processor.py:830} INFO - Processing file /opt/airflow/dags/00-our_first_new_dag.py for tasks to queue
[2024-03-12T21:20:45.102+0000] {logging_mixin.py:188} INFO - [2024-03-12T21:20:45.102+0000] {dagbag.py:540} INFO - Filling up the DagBag from /opt/airflow/dags/00-our_first_new_dag.py
[2024-03-12T21:20:45.104+0000] {processor.py:840} INFO - DAG(s) '00_our_first_new_dag' retrieved from /opt/airflow/dags/00-our_first_new_dag.py
[2024-03-12T21:20:45.122+0000] {logging_mixin.py:188} INFO - [2024-03-12T21:20:45.122+0000] {dag.py:3047} INFO - Sync 1 DAGs
[2024-03-12T21:20:45.132+0000] {logging_mixin.py:188} INFO - [2024-03-12T21:20:45.132+0000] {dag.py:3834} INFO - Setting next_dagrun for 00_our_first_new_dag to None, run_after=None
[2024-03-12T21:20:45.146+0000] {processor.py:183} INFO - Processing /opt/airflow/dags/00-our_first_new_dag.py took 0.048 seconds
[2024-03-12T21:21:15.686+0000] {processor.py:161} INFO - Started process (PID=2663) to work on /opt/airflow/dags/00-our_first_new_dag.py
[2024-03-12T21:21:15.688+0000] {processor.py:830} INFO - Processing file /opt/airflow/dags/00-our_first_new_dag.py for tasks to queue
[2024-03-12T21:21:15.688+0000] {logging_mixin.py:188} INFO - [2024-03-12T21:21:15.688+0000] {dagbag.py:540} INFO - Filling up the DagBag from /opt/airflow/dags/00-our_first_new_dag.py
[2024-03-12T21:21:15.691+0000] {processor.py:840} INFO - DAG(s) '00_our_first_new_dag' retrieved from /opt/airflow/dags/00-our_first_new_dag.py
[2024-03-12T21:21:15.709+0000] {logging_mixin.py:188} INFO - [2024-03-12T21:21:15.709+0000] {dag.py:3047} INFO - Sync 1 DAGs
[2024-03-12T21:21:15.718+0000] {logging_mixin.py:188} INFO - [2024-03-12T21:21:15.718+0000] {dag.py:3834} INFO - Setting next_dagrun for 00_our_first_new_dag to None, run_after=None
[2024-03-12T21:21:15.730+0000] {processor.py:183} INFO - Processing /opt/airflow/dags/00-our_first_new_dag.py took 0.047 seconds
[2024-03-12T21:21:45.760+0000] {processor.py:161} INFO - Started process (PID=2721) to work on /opt/airflow/dags/00-our_first_new_dag.py
[2024-03-12T21:21:45.762+0000] {processor.py:830} INFO - Processing file /opt/airflow/dags/00-our_first_new_dag.py for tasks to queue
[2024-03-12T21:21:45.763+0000] {logging_mixin.py:188} INFO - [2024-03-12T21:21:45.762+0000] {dagbag.py:540} INFO - Filling up the DagBag from /opt/airflow/dags/00-our_first_new_dag.py
[2024-03-12T21:21:45.765+0000] {processor.py:840} INFO - DAG(s) '00_our_first_new_dag' retrieved from /opt/airflow/dags/00-our_first_new_dag.py
[2024-03-12T21:21:45.780+0000] {logging_mixin.py:188} INFO - [2024-03-12T21:21:45.780+0000] {dag.py:3047} INFO - Sync 1 DAGs
[2024-03-12T21:21:45.790+0000] {logging_mixin.py:188} INFO - [2024-03-12T21:21:45.790+0000] {dag.py:3834} INFO - Setting next_dagrun for 00_our_first_new_dag to None, run_after=None
[2024-03-12T21:21:45.802+0000] {processor.py:183} INFO - Processing /opt/airflow/dags/00-our_first_new_dag.py took 0.046 seconds
[2024-03-12T21:22:15.987+0000] {processor.py:161} INFO - Started process (PID=2777) to work on /opt/airflow/dags/00-our_first_new_dag.py
[2024-03-12T21:22:15.989+0000] {processor.py:830} INFO - Processing file /opt/airflow/dags/00-our_first_new_dag.py for tasks to queue
[2024-03-12T21:22:15.990+0000] {logging_mixin.py:188} INFO - [2024-03-12T21:22:15.989+0000] {dagbag.py:540} INFO - Filling up the DagBag from /opt/airflow/dags/00-our_first_new_dag.py
[2024-03-12T21:22:15.993+0000] {processor.py:840} INFO - DAG(s) '00_our_first_new_dag' retrieved from /opt/airflow/dags/00-our_first_new_dag.py
[2024-03-12T21:22:16.013+0000] {logging_mixin.py:188} INFO - [2024-03-12T21:22:16.012+0000] {dag.py:3047} INFO - Sync 1 DAGs
[2024-03-12T21:22:16.028+0000] {logging_mixin.py:188} INFO - [2024-03-12T21:22:16.028+0000] {dag.py:3834} INFO - Setting next_dagrun for 00_our_first_new_dag to None, run_after=None
[2024-03-12T21:22:16.053+0000] {processor.py:183} INFO - Processing /opt/airflow/dags/00-our_first_new_dag.py took 0.070 seconds
[2024-03-12T21:22:46.085+0000] {processor.py:161} INFO - Started process (PID=2835) to work on /opt/airflow/dags/00-our_first_new_dag.py
[2024-03-12T21:22:46.086+0000] {processor.py:830} INFO - Processing file /opt/airflow/dags/00-our_first_new_dag.py for tasks to queue
[2024-03-12T21:22:46.087+0000] {logging_mixin.py:188} INFO - [2024-03-12T21:22:46.087+0000] {dagbag.py:540} INFO - Filling up the DagBag from /opt/airflow/dags/00-our_first_new_dag.py
[2024-03-12T21:22:46.092+0000] {processor.py:840} INFO - DAG(s) '00_our_first_new_dag' retrieved from /opt/airflow/dags/00-our_first_new_dag.py
[2024-03-12T21:22:46.114+0000] {logging_mixin.py:188} INFO - [2024-03-12T21:22:46.114+0000] {dag.py:3047} INFO - Sync 1 DAGs
[2024-03-12T21:22:46.127+0000] {logging_mixin.py:188} INFO - [2024-03-12T21:22:46.127+0000] {dag.py:3834} INFO - Setting next_dagrun for 00_our_first_new_dag to None, run_after=None
[2024-03-12T21:22:46.143+0000] {processor.py:183} INFO - Processing /opt/airflow/dags/00-our_first_new_dag.py took 0.062 seconds
[2024-03-12T21:23:16.204+0000] {processor.py:161} INFO - Started process (PID=2892) to work on /opt/airflow/dags/00-our_first_new_dag.py
[2024-03-12T21:23:16.206+0000] {processor.py:830} INFO - Processing file /opt/airflow/dags/00-our_first_new_dag.py for tasks to queue
[2024-03-12T21:23:16.207+0000] {logging_mixin.py:188} INFO - [2024-03-12T21:23:16.206+0000] {dagbag.py:540} INFO - Filling up the DagBag from /opt/airflow/dags/00-our_first_new_dag.py
[2024-03-12T21:23:16.213+0000] {processor.py:840} INFO - DAG(s) '00_our_first_new_dag' retrieved from /opt/airflow/dags/00-our_first_new_dag.py
[2024-03-12T21:23:16.234+0000] {logging_mixin.py:188} INFO - [2024-03-12T21:23:16.234+0000] {dag.py:3047} INFO - Sync 1 DAGs
[2024-03-12T21:23:16.248+0000] {logging_mixin.py:188} INFO - [2024-03-12T21:23:16.247+0000] {dag.py:3834} INFO - Setting next_dagrun for 00_our_first_new_dag to None, run_after=None
[2024-03-12T21:23:16.265+0000] {processor.py:183} INFO - Processing /opt/airflow/dags/00-our_first_new_dag.py took 0.066 seconds
[2024-03-12T21:23:46.404+0000] {processor.py:161} INFO - Started process (PID=2950) to work on /opt/airflow/dags/00-our_first_new_dag.py
[2024-03-12T21:23:46.405+0000] {processor.py:830} INFO - Processing file /opt/airflow/dags/00-our_first_new_dag.py for tasks to queue
[2024-03-12T21:23:46.406+0000] {logging_mixin.py:188} INFO - [2024-03-12T21:23:46.406+0000] {dagbag.py:540} INFO - Filling up the DagBag from /opt/airflow/dags/00-our_first_new_dag.py
[2024-03-12T21:23:46.409+0000] {processor.py:840} INFO - DAG(s) '00_our_first_new_dag' retrieved from /opt/airflow/dags/00-our_first_new_dag.py
[2024-03-12T21:23:46.431+0000] {logging_mixin.py:188} INFO - [2024-03-12T21:23:46.431+0000] {dag.py:3047} INFO - Sync 1 DAGs
[2024-03-12T21:23:46.445+0000] {logging_mixin.py:188} INFO - [2024-03-12T21:23:46.445+0000] {dag.py:3834} INFO - Setting next_dagrun for 00_our_first_new_dag to None, run_after=None
[2024-03-12T21:23:46.461+0000] {processor.py:183} INFO - Processing /opt/airflow/dags/00-our_first_new_dag.py took 0.061 seconds
[2024-03-12T21:24:17.244+0000] {processor.py:161} INFO - Started process (PID=3006) to work on /opt/airflow/dags/00-our_first_new_dag.py
[2024-03-12T21:24:17.247+0000] {processor.py:830} INFO - Processing file /opt/airflow/dags/00-our_first_new_dag.py for tasks to queue
[2024-03-12T21:24:17.248+0000] {logging_mixin.py:188} INFO - [2024-03-12T21:24:17.247+0000] {dagbag.py:540} INFO - Filling up the DagBag from /opt/airflow/dags/00-our_first_new_dag.py
[2024-03-12T21:24:17.251+0000] {processor.py:840} INFO - DAG(s) '00_our_first_new_dag' retrieved from /opt/airflow/dags/00-our_first_new_dag.py
[2024-03-12T21:24:17.271+0000] {logging_mixin.py:188} INFO - [2024-03-12T21:24:17.271+0000] {dag.py:3047} INFO - Sync 1 DAGs
[2024-03-12T21:24:17.284+0000] {logging_mixin.py:188} INFO - [2024-03-12T21:24:17.284+0000] {dag.py:3834} INFO - Setting next_dagrun for 00_our_first_new_dag to None, run_after=None
[2024-03-12T21:24:17.300+0000] {processor.py:183} INFO - Processing /opt/airflow/dags/00-our_first_new_dag.py took 0.060 seconds
